<?xml version="1.0" encoding="UTF-8"?>
<testsuite xmlns:xsi="http://www.w3.org/2001/XMLSchema-instance" xsi:noNamespaceSchemaLocation="https://maven.apache.org/surefire/maven-surefire-plugin/xsd/surefire-test-report-3.0.xsd" version="3.0" name="cs.hse.springWebDemo.SpringWebDemoApplicationTests" time="6.425" tests="1" errors="0" skipped="0" failures="0">
  <properties>
[...]
</properties>
  <testcase name="contextLoads" classname="cs.hse.springWebDemo.SpringWebDemoApplicationTests" time="0.645">
    <system-out><![CDATA[11:06:13.438 [main] INFO org.springframework.test.context.support.AnnotationConfigContextLoaderUtils -- Could not detect default configuration classes for test class [cs.hse.springWebDemo.SpringWebDemoApplicationTests]: SpringWebDemoApplicationTests does not declare any static, non-private, non-final, nested classes annotated with @Configuration.
11:06:13.576 [main] INFO org.springframework.boot.test.context.SpringBootTestContextBootstrapper -- Found @SpringBootConfiguration cs.hse.springWebDemo.SpringWebDemoApplication for test class cs.hse.springWebDemo.SpringWebDemoApplicationTests

  .   ____          _            __ _ _
 /\\ / ___'_ __ _ _(_)_ __  __ _ \ \ \ \
( ( )\___ | '_ | '_| | '_ \/ _` | \ \ \ \
 \\/  ___)| |_)| | | | | || (_| |  ) ) ) )
  '  |____| .__|_| |_|_| |_\__, | / / / /
 =========|_|==============|___/=/_/_/_/
 :: Spring Boot ::                (v3.2.3)

2024-03-09T11:06:14.077+03:00  INFO 91256 --- [           main] c.h.s.SpringWebDemoApplicationTests      : Starting SpringWebDemoApplicationTests using Java 17.0.10 with PID 91256 (started by avtrokhachev in /Users/avtrokhachev/Documents/education/hse/kotlin/SpringWebDemo)
2024-03-09T11:06:14.079+03:00  INFO 91256 --- [           main] c.h.s.SpringWebDemoApplicationTests      : No active profile set, falling back to 1 default profile: "default"
2024-03-09T11:06:15.070+03:00  INFO 91256 --- [           main] .s.d.r.c.RepositoryConfigurationDelegate : Bootstrapping Spring Data JPA repositories in DEFAULT mode.
2024-03-09T11:06:15.138+03:00  INFO 91256 --- [           main] .s.d.r.c.RepositoryConfigurationDelegate : Finished Spring Data repository scanning in 60 ms. Found 2 JPA repository interfaces.
2024-03-09T11:06:15.699+03:00  INFO 91256 --- [           main] o.hibernate.jpa.internal.util.LogHelper  : HHH000204: Processing PersistenceUnitInfo [name: default]
2024-03-09T11:06:15.755+03:00  INFO 91256 --- [           main] org.hibernate.Version                    : HHH000412: Hibernate ORM core version 6.4.4.Final
2024-03-09T11:06:15.795+03:00  INFO 91256 --- [           main] o.h.c.internal.RegionFactoryInitiator    : HHH000026: Second-level cache disabled
2024-03-09T11:06:16.104+03:00  INFO 91256 --- [           main] o.s.o.j.p.SpringPersistenceUnitInfo      : No LoadTimeWeaver setup: ignoring JPA class transformer
2024-03-09T11:06:16.129+03:00  INFO 91256 --- [           main] com.zaxxer.hikari.HikariDataSource       : HikariPool-1 - Starting...
2024-03-09T11:06:16.289+03:00  INFO 91256 --- [           main] com.zaxxer.hikari.pool.HikariPool        : HikariPool-1 - Added connection org.postgresql.jdbc.PgConnection@416a4275
2024-03-09T11:06:16.292+03:00  INFO 91256 --- [           main] com.zaxxer.hikari.HikariDataSource       : HikariPool-1 - Start completed.
2024-03-09T11:06:16.323+03:00  WARN 91256 --- [           main] org.hibernate.orm.deprecation            : HHH90000025: PostgreSQLDialect does not need to be specified explicitly using 'hibernate.dialect' (remove the property setting and it will be selected by default)
2024-03-09T11:06:17.270+03:00  INFO 91256 --- [           main] o.h.e.t.j.p.i.JtaPlatformInitiator       : HHH000489: No JTA platform available (set 'hibernate.transaction.jta.platform' to enable JTA platform integration)
2024-03-09T11:06:17.330+03:00  INFO 91256 --- [           main] j.LocalContainerEntityManagerFactoryBean : Initialized JPA EntityManagerFactory for persistence unit 'default'
2024-03-09T11:06:17.876+03:00  WARN 91256 --- [           main] JpaBaseConfiguration$JpaWebConfiguration : spring.jpa.open-in-view is enabled by default. Therefore, database queries may be performed during view rendering. Explicitly configure spring.jpa.open-in-view to disable this warning
2024-03-09T11:06:17.895+03:00  WARN 91256 --- [           main] o.s.security.core.userdetails.User       : User.withDefaultPasswordEncoder() is considered unsafe for production and is only intended for sample applications.
2024-03-09T11:06:18.442+03:00  INFO 91256 --- [           main] o.s.s.web.DefaultSecurityFilterChain     : Will secure any request with [org.springframework.security.web.session.DisableEncodeUrlFilter@3b8a8abc, org.springframework.security.web.context.request.async.WebAsyncManagerIntegrationFilter@72851503, org.springframework.security.web.context.SecurityContextHolderFilter@294ebdae, org.springframework.security.web.header.HeaderWriterFilter@520eb9f8, org.springframework.web.filter.CorsFilter@690c3b1f, org.springframework.security.web.csrf.CsrfFilter@3a286095, org.springframework.security.web.authentication.logout.LogoutFilter@247415be, org.springframework.security.web.authentication.UsernamePasswordAuthenticationFilter@28d1b2f, org.springframework.security.web.savedrequest.RequestCacheAwareFilter@54e3cba2, org.springframework.security.web.servletapi.SecurityContextHolderAwareRequestFilter@4f1aa2bc, org.springframework.security.web.authentication.AnonymousAuthenticationFilter@1d722bff, org.springframework.security.web.access.ExceptionTranslationFilter@55849272, org.springframework.security.web.access.intercept.AuthorizationFilter@4ee1c29a]
2024-03-09T11:06:18.789+03:00  WARN 91256 --- [           main] ion$DefaultTemplateResolverConfiguration : Cannot find template location: classpath:/templates/ (please add some templates, check your Thymeleaf configuration, or set spring.thymeleaf.check-template-location=false)
2024-03-09T11:06:18.965+03:00  INFO 91256 --- [           main] c.h.s.SpringWebDemoApplicationTests      : Started SpringWebDemoApplicationTests in 5.203 seconds (process running for 6.529)
]]></system-out>
  </testcase>
</testsuite>